2022-08-09 19:17:05 [scrapy.utils.log] INFO: Scrapy 2.4.1 started (bot: xbiquge)
2022-08-09 19:17:05 [scrapy.utils.log] INFO: Versions: lxml 4.6.3.0, libxml2 2.9.12, cssselect 1.1.0, parsel 1.5.2, w3lib 1.21.0, Twisted 21.7.0, Python 3.9.7 (default, Sep 16 2021, 13:09:58) - [GCC 7.5.0], pyOpenSSL 21.0.0 (OpenSSL 1.1.1o  3 May 2022), cryptography 35.0.0, Platform Linux-5.10.0-5.10.0.24.oe1.x86_64-x86_64-with-glibc2.34
2022-08-09 19:17:05 [scrapy.utils.log] DEBUG: Using reactor: twisted.internet.epollreactor.EPollReactor
2022-08-09 19:17:05 [scrapy.crawler] INFO: Overridden settings:
{'BOT_NAME': 'xbiquge',
 'DOWNLOAD_DELAY': 2,
 'FEED_EXPORT_ENCODING': 'utf-8',
 'LOG_FILE': './myspiders.log',
 'NEWSPIDER_MODULE': 'xbiquge.spiders',
 'SPIDER_MODULES': ['xbiquge.spiders']}
2022-08-09 19:17:05 [scrapy.extensions.telnet] INFO: Telnet Password: 11828bfe56fa1059
2022-08-09 19:17:05 [scrapy.middleware] INFO: Enabled extensions:
['scrapy.extensions.corestats.CoreStats',
 'scrapy.extensions.telnet.TelnetConsole',
 'scrapy.extensions.memusage.MemoryUsage',
 'scrapy.extensions.logstats.LogStats']
2022-08-09 19:17:05 [scrapy.middleware] INFO: Enabled downloader middlewares:
['xbiquge.middlewares.RandomUserAgentMiddleware',
 'scrapy.downloadermiddlewares.httpauth.HttpAuthMiddleware',
 'scrapy.downloadermiddlewares.downloadtimeout.DownloadTimeoutMiddleware',
 'scrapy.downloadermiddlewares.defaultheaders.DefaultHeadersMiddleware',
 'scrapy.downloadermiddlewares.useragent.UserAgentMiddleware',
 'xbiquge.middlewares.XbiqugeDownloaderMiddleware',
 'scrapy.downloadermiddlewares.retry.RetryMiddleware',
 'scrapy.downloadermiddlewares.redirect.MetaRefreshMiddleware',
 'scrapy.downloadermiddlewares.httpcompression.HttpCompressionMiddleware',
 'scrapy.downloadermiddlewares.redirect.RedirectMiddleware',
 'scrapy.downloadermiddlewares.cookies.CookiesMiddleware',
 'scrapy.downloadermiddlewares.httpproxy.HttpProxyMiddleware',
 'scrapy.downloadermiddlewares.stats.DownloaderStats']
2022-08-09 19:17:05 [scrapy.middleware] INFO: Enabled spider middlewares:
['scrapy.spidermiddlewares.httperror.HttpErrorMiddleware',
 'scrapy.spidermiddlewares.offsite.OffsiteMiddleware',
 'scrapy.spidermiddlewares.referer.RefererMiddleware',
 'scrapy.spidermiddlewares.urllength.UrlLengthMiddleware',
 'scrapy.spidermiddlewares.depth.DepthMiddleware']
2022-08-09 19:17:05 [scrapy.middleware] INFO: Enabled item pipelines:
['xbiquge.pipelines.XbiqugePipeline']
2022-08-09 19:17:05 [scrapy.core.engine] INFO: Spider opened
2022-08-09 19:17:05 [scrapy.extensions.logstats] INFO: Crawled 0 pages (at 0 pages/min), scraped 0 items (at 0 items/min)
2022-08-09 19:17:05 [mgzdyfy] INFO: Spider opened: mgzdyfy
2022-08-09 19:17:05 [scrapy.extensions.telnet] INFO: Telnet console listening on 127.0.0.1:6024
2022-08-09 19:17:06 [scrapy.core.engine] DEBUG: Crawled (200) <GET https://www.wmdown.com/novel/WJxbokKAbgw.html> (referer: None)
2022-08-09 19:17:15 [scrapy.dupefilters] DEBUG: Filtered duplicate request: <GET https://www.wmdown.com/novel/WJxbokKAbgw/2032.html> - no more duplicates will be shown (see DUPEFILTER_DEBUG to show all duplicates)
2022-08-09 19:17:15 [scrapy.core.engine] DEBUG: Crawled (200) <GET https://www.wmdown.com/novel/WJxbokKAbgw/2032.html> (referer: https://www.wmdown.com/novel/WJxbokKAbgw.html)
2022-08-09 19:17:15 [scrapy.core.scraper] DEBUG: Scraped from <200 https://www.wmdown.com/novel/WJxbokKAbgw/2032.html>
{'content': '第2043章 刘梅的担心\n'
            '    '
            '“这两天的情况可是真的不怎么样，据我所知在场的这些人都已经是紧张起来了，如果要是你继续采取所谓的行动的话，咱们这边也很有可能会支撑不住的，当然如果要是你自己去的话，那么有些情况就可以了，所以在这样的情况下，有些事情咱们应该要好好的合作，不能够由着自己的性子来，我自己十分不赞成你自己去做这些事情，如果要是继续这么做的话，或许下面的兄弟们也不会愿意的，希望你能够明白，咱们没有必要搞成现如今这个样子，要不然的话下面的人会造反了。”\n'
            '   '
            '军统的秘密联络处，刘振华和刘梅两个人正在吃晚饭，两个人就好像是正在过日子的人一样，丝毫看不出是军统的负责人，主要也是因为两个人都非常的镇定，再加上这一段时间也没有什么好说的，他们所做的事情都是非常的好的，更何况现在上海的日本人已经开始焦急起来了，即便他们有些事情看不明白，那也和我们这些人没什么关系，如果要是有人来找事儿的话，下面的人可以很完好的解决这件事情，两人的心情也比较轻松，当然最主要的是刘振华的身手比较好，如果要是没有一个好身手的话，这时候恐怕就不知道是怎么回事儿了，所以在这样的情况下，刘振华要做的事情还是非常的不错的，至于最后会变成什么样子，那恐怕就是刘振华自己的事儿了，和别人那里也没多大的关系。\n'
            '   '
            '“我知道你是为我好，但是我们特别需要一场胜利，现在各处都是非常困难的，偏偏我自己的能耐还是可以的，如果要是我也去当缩头乌龟的话，那恐怕我们的人就没有什么好说的了，所以在这样的情况下，我希望你能够明白我想的是什么，而不是在这里指责我，如果要是连你都指责我的话，那恐怕有些事儿咱们就没有办法继续的弄下去了，这对咱们来说也未必也是一个好事儿，更何况现在这个情况也是形势喜人，如果要是我们就此放弃的话，恐怕以后都会吃亏的，我们现在已经做到了98还差两分就能给我拿到满分，所以我必须得拿到满分才行，只要是你不说出去，下面的人就没有人知道我在做这件事情。”\n'
            '   '
            '猫猫举起了自己杯里的酒，就好像两个人正在举行一场宴会一样，对于刘振华这样的态度，刘梅实在是不知道该说什么，反正现在的刘振华让大家感觉到有些吃惊，刘振华在做事情的时候往往都是天马行空的，根本就没有想过这件事情该怎么做，即便是想过的话，那也绝不会那么简单，所以在这样的情况下，刘梅也只能是无奈的举起了自己的酒杯和刘振华，合作的时间也不短了，如果要妄想着自己能够解决这件事情恐怕是不太可能的，因为刘振华这个人骨子里就带着一种疯狂，只要是他想解决这件事情，那么任何人都有可能拦不住他，这也是一个非常正常的事，如果要是早早的能解决的话，或许有些事儿也就不会是这个样子了。\n'
            '   '
            '“其实我就不该劝你，我也应该知道你的心里是怎么想的，但是你也应该明白我们现在的一些具体情况，如果要是你一直这么下去的话，那么我们也会非常担心的，你也知道现在的具体情况，如果要是你真的出了什么事儿，那么对前线的打击就会更大，在场的很多人都不知道该说什么，所以我希望你能够以大局为重，即便是有些事情还没有搞好，也不能够继续这么冒险了，以后的计划你可以参加，但是在执行任务之前你必须得告诉我一声，有很多人你不相信他们难道现在连我也不相信了吗？我必须得把所有的计划审核一遍，这样才能够继续往下做，要不然的话以后干脆就不要做这个计划。”\n'
            '   '
            '没放下酒杯之后也马上放出了狠话，说句实在话，以前的时候刘梅不会管这些事儿，因为刘振华自己是非常的有分寸的，即便是你管的太多的话，也不可能让刘振华改变想法的，所以在这件事情上，刘振华一直都是我行我素的，按照自己的想法去做事，刘梅这边也不会管那么多，毕竟刘振华的成功率比较高，但现在这个情况不一样，如果要是还由着自己的性子来的话，很有可能会落入日本人的圈套，现在日本人做这些事情做的还少吗？他们可是什么事情都能够干得出来的。\n'
            '   '
            '“我还能信不过你吗？即便是有信不过的人，那也肯定不是你，自从这一次日本人改变了之后，我发现有很多事情和以前的时候不一样，所以我的心里才有这些想法，你也知道咱们的内部也首次出现了叛徒，这在以前的时候根本就不敢想象，我也不知道这些人都是从什么地方冒出来的，但是我有一种感觉，咱们的内部不可能就只有这几个叛徒，原来的时候我比较自负，从来不相信我的手下会有叛徒，但是从现在这一刻开始，我认为以前的时候是我错了，日本人可以说是无孔不入，只要是他们想做这个事情，基本上都能够做得成，所以在接下来的一些日子里，你得帮我把这件事情给做了。”\n'
            '   '
            '说起这件事情的时候，刘振华的内心当中就犹如刀割，所有的兄弟都是从北平那个年代过来的，大家和日本人的仇恨也是不共戴天，毕竟平时和我们喝酒吃肉的兄弟死在了日本人的手里，这本身就不是一个小事儿了，如果我们不找日本人报仇的话，那即便有一天我们去见了列祖列宗，可能我们也没有办法坚持下去，现在内部竟然出现了叛徒，这就说明那些人已经是不要脸了，如果你想要知道这些事情的话，那也的确是让人感觉到有些吃惊，反正这些家伙都不是什么好人，所以在这样的情况下，咱们得想办法把他们都给挖出来才行，如果要是不把他们给挖出来的话，那的确是有些对不住他们了。\n'
            '   '
            '听完了刘振华的话之后，刘梅也是感觉到有些不太好说，就目前这个情况来说，内部到底是个什么情况，咱们还真是不敢下定论，如果要是现在就下定论的话，有些事情可能会冤枉人，和那些老人比起来，刘梅应该算是一个新人，而且刘梅原来是郑主任那边的人，如果要是让他来抓叛徒的话，或许内部会有很多人感觉到不怎么舒服的，所以在这一点上有其他的人就应该有这个想法，如果要是他们都承认的话，那么有些事情是可以的，但如果要是不这个样子的话，有些情况就是另外一回事儿了，这也是目前最为主要的，如果要是都能够改了的话，当然是非常好的，可这件事情谈何容易。\n'
            '   '
            '“并不是我不愿意帮你，你应该仔细的考虑一下，我可能不适合做这个任务，你也知道现在的具体情况，如果要是让我来做这个任务的话，恐怕你会失望的，咱们内部有很多人，根本就没有把我放在眼里，你也知道他们的心里想的是什么，如果要是真的让我来做的话，或许会引起内部的分裂，本身现在大家就人心惶惶的，所以我认为你应该找其他的人来做这件事情才行，如果要是我来做的话，或许内部很多人会不满意，这对我们大家来说都不是好事，我并不是说我自己做的这个事情怎么样，而是我觉得这件事情不应该由我来做，你应该明白我话里的意思，如果要是真的不明白的话，那恐怕我也没有什么好说的，我会全力以赴的。没有。”\n'
            '   '
            '欧美的思考也不是不无道理的，尤其是在目前这个情况下，如果要是真的变成了这样的话，对于刘梅来说也应该要好好的和他们谈一下，如果要是能够谈得清楚的话，那么这个事儿还算是能过得过去，如果要是谈不清楚的话，恐怕有些事儿就不好说了，尤其是在目前这个情况下，咱们都必须得尊重人家才行，如果要是不尊重人家的话，或许很多人就开始闹事儿了，所以在这样的情况下，有些人也是非常明白的，他们如果要是能够把这件事情做好了，那么将来的情况是完全可以的，如果要是做不好的话，恐怕有些事情就到头了。\n'
            '   '
            '刘振华让刘梅来做这件事情自然是有自己的考虑的，刘振华的手下也有很多人能够做这件事情，可问题是那些人都有各种各样的顾虑，如果真的让他们来做这个事儿的话，或许没有办法做到大公无私，刘梅是一个半路出家的人，所以也不需要担心这个一旦要是刘梅做了这件事情，他可能会想得很好的，而且还能够给大家带来一些不一样的感觉，主要的就是考虑问题方面，他绝对不会偏袒任何人，这也是刘振华让他做的一个重要原因。\n'
            '    \n'
            '\u3000   \n'
            '\n'
            '        (https://www.wmdown.com/novel/WJxbokKAbgw.html)\n'
            '    \n'
            '\n'
            '         \n'
            '\u3000\u3000'
            '请记住本书首发域名：www.wmdown.com。笔趣阁手机版阅读网址：https://m.wmdown.com/    \n',
 'id': 2914,
 'name': 'mgzdyfy',
 'name_txt': './novels/民国之谍影风云',
 'next_page': 'https://www.wmdown.com/novel/WJxbokKAbgw.html',
 'preview_page': 'https://www.wmdown.com/novel/WJxbokKAbgw/2031.html',
 'url': 'https://www.wmdown.com/novel/WJxbokKAbgw/2032.html',
 'url_firstchapter': 'https://www.wmdown.com/novel/WJxbokKAbgw/1.html'}
2022-08-09 19:17:16 [scrapy.core.engine] DEBUG: Crawled (200) <GET https://www.wmdown.com/novel/WJxbokKAbgw/395.html> (referer: https://www.wmdown.com/novel/WJxbokKAbgw.html)
2022-08-09 19:17:16 [scrapy.core.scraper] DEBUG: Scraped from <200 https://www.wmdown.com/novel/WJxbokKAbgw/395.html>
{'content': '第395章 围点打援\n'
            '    飞速中文. 中文域名一键直达\n'
            '   该死的混蛋，为什么要在这个时候过来？\n'
            '   坂本一郎暗骂一声，马上命令手下的人开门，原本还以为是对面找人扮演的，没想到这真的是日本人。\n'
            '   “刚才就应该开门，这样就不会死那么多人了，现在开门有什么用？还剩下两个人。”\n'
            '   '
            '本地的巡防人员懊悔的说道，当然是小声说的，坂本一郎在那里恶狠狠的看着呢，如果他要是大声的指责这个家伙的话，换来的很有可能是两个巴掌。\n'
            '   '
            '他们这些特工跟当地的巡防人员不一样，特工考虑的只有上面的任务，这些巡防人员考虑的是日侨的死活，因为他们所有的经费都是日侨捐赠而来，虽然国内也会给他们拨一部分，但大部分还是这些侨民捐赠，所以他们跟侨民的感情更好。\n'
            '   嗯？\n'
            '   '
            '坂本一郎感觉有些不对劲，这些人为什么不赶紧跑过来呢？明明咱们这边已经打开大门了，忽然间坂本一郎太清楚了，在月色的照映之下，一名日本人的嘴角竟然笑起来了。\n'
            '   “赶快撤退，他们不是日本人。”\n'
            '   坂本一郎大声的说道，可惜他的提示有些晚了，那两名在奔跑中的日本人拿出了衣服下面的冲锋枪。\n'
            '   '
            '因为这些人穿的全部都是和服，所以可以隐藏他们的冲锋枪，现在几十个日本武士暴露在外面，根本就没有可淘汰的地方，地上的那几个死尸也站起来了，刚才明明已经被刘振华的人给打死了，但现在他们也\n'
            '   面目狰狞的掏出了冲锋枪。\n'
            '   '
            '队伍当中的日本人也感觉到了不对，他们拿起枪来就要解决掉这几个人，可惜远处的狙击手不会给他们机会的，配合的就是如此的天衣无缝。\n'
            '   '
            '当你们的注意力放在眼前的这几个假日本人身上的时候，你们就已经是输了，刘振华怎么可能会让这几个人对战你们几十个人呢？那也实在是不成比例。\n'
            '   咱真正的杀手锏是在暗处的狙击手，此刻狙击枪的声音传了过来，砰砰砰的，络绎不绝，日本士兵也是一个接一个的倒下去。\n'
            '   突突突…\n'
            '   '
            '这几个假日本人的冲锋枪终于想起来了，还有几个士兵躲在了旁边的掩体后面，但是他们能够躲过狙击枪，却躲不过在他们正前面的这些假日本人。\n'
            '   除了暴露在外面的之外，这些假日本人还朝着屋子里开窗，有几个躲闪不迭的士兵也倒在了血泊当中。\n'
            '   “马上关门，都给我关门。”\n'
            '   坂本一郎下达了命令，大部分的人都退了回来，但是1／3的人回不来了，他们要么已经死了，要么此刻受伤躺在外面。\n'
            '   坂本一郎现在快要疯了，总共出去了40来个人，现在只回来了20多个，1／3的人没有回来，这才过去了半个小时而已。\n'
            '   对方又干掉了自己十几个人，这到底是在干什么呢？对方难道是电影学院毕业的吗？要不然的话怎么可能会造得那么逼真呢？\n'
            '   刘振华是一个从21世纪来的人\n'
            '   ，看过的谍战剧不知道有多少了，虽然不见得全部都有用，但刘振华仔细甄别一下，还是能够找出一些有用的来。\n'
            '   '
            '比如眼前这个情况，就是刘振华想起来的，没想到对方还真是上当了，按照刘振华的想法，对方出来的人应该更多才对，看来日本方面也是吃亏吃怕了，能够干掉他们十几个人，也不枉费自己想起这个主意，至于高层上的郑主任，此刻张这个嘴不知道该说什么了。\n'
            '   眼前这个人不应该是后起之秀了，应该被称之为妖孽才对，怎么什么样的作战计划都能够出现呢？\n'
            '   '
            '这些作战计划也实在是太奇怪了，不知道这家伙到底是如何想起来的，幸好不是自己的敌人，如果是自己的敌人的话，这会儿一定被他搞得发疯了，就算没被他杀掉的话，脑子也会变傻的。\n'
            '   “打信号给他们，让他们开始表演。”\n'
            '   刘振华小声的说出了这句话，同时手电筒的光芒在天空当中晃了三圈，后面的那些狙击手也就明白了。\n'
            '   '
            '刚才有很多的日本人倒在了地上，但这些人并没有死亡，还有一些人是受了轻伤，这是这些狙击手故意这么做的，现在就要考验你们日本人的人性。\n'
            '   '
            '在影视剧当中，刘振华经常看到有人受伤，然后狙击手守着这个受伤的人，不管什么样的人上来救援，咱们都能够击毙那些救援的人，这就好像是围点打援一样。\n'
            '   这个受伤的人永远会活\n'
            '   着，至于研究他的那些人，就看你自己的命够不够硬了。\n'
            '   “岸本……”\n'
            '   '
            '第1个上钩的人出来了，这家伙从窗户当中跳下去，在双脚还没有抵达地面的时候，他的大腿就挨了一枪，然后跟他的朋友一样，倒在那个地方了。\n'
            '   '
            '他的朋友是跟他一个村庄出来的，两人的感情非常的好，刚才华夏的狙击手接连射击，但子弹都没有打在致命的地方，全部打在了腿上和胳膊上，摆明了就是折磨你们日本人。\n'
            '   '
            '就看里面的人会不会出来了，反正一个晚上的时间还长，出来一个咱们就干掉一个，让你们明知道这是个陷阱，内心当中还要遭受一定的折磨。\n'
            '   刘振华的嘴角微微上扬，并不是说咱们这些人残忍，你们不在日本好好的生活，跑到我华夏大地上作孽，那就别怪我们怎么对你们了。\n'
            '   '
            '刘振华手下的人都是经过心理教育的，东北的一些情况他们都知道，跟这些日本人比起来，咱们做的事情实在是有些仁慈，所以就算是开枪折磨这些日本人，咱的心里也没有丝毫的心理负担。\n'
            '   '
            '还是咱们站长的那句话，我们华夏又没有请你们来，是你们自己想要到这个土地上来侵略的，既然是这样的话，那就别怪我们不客气了，只能怪你们遇到了一个错误的对手。\n'
            '   第3个人又从里面出来了，这家伙实在是崩溃了，连枪都没有拿，直接挥舞着一把武士刀出来的，那就\n'
            '   别怪咱不客气了……\n'
            '    \n'
            '\u3000   \n'
            '\n'
            '        (https://www.wmdown.com/novel/WJxbokKAbgw.html)\n'
            '    \n'
            '\n'
            '         \n'
            '\u3000\u3000'
            '请记住本书首发域名：www.wmdown.com。笔趣阁手机版阅读网址：https://m.wmdown.com/    \n',
 'id': 2915,
 'name': 'mgzdyfy',
 'name_txt': './novels/民国之谍影风云',
 'next_page': 'https://www.wmdown.com/novel/WJxbokKAbgw/396.html',
 'preview_page': 'https://www.wmdown.com/novel/WJxbokKAbgw/394.html',
 'url': 'https://www.wmdown.com/novel/WJxbokKAbgw/395.html',
 'url_firstchapter': 'https://www.wmdown.com/novel/WJxbokKAbgw/1.html'}
2022-08-09 19:17:18 [scrapy.core.engine] DEBUG: Crawled (200) <GET https://www.wmdown.com/novel/WJxbokKAbgw/396.html> (referer: https://www.wmdown.com/novel/WJxbokKAbgw/395.html)
2022-08-09 19:17:18 [scrapy.core.scraper] DEBUG: Scraped from <200 https://www.wmdown.com/novel/WJxbokKAbgw/396.html>
{'content': '第396章 卸磨杀驴\n'
            '    飞速中文. 中文域名一键直达\n'
            '   在21世纪的影视剧当中，这样的情况基本上都是反派做的事情，但是现在不管从什么情况上说，咱都应该是正派。\n'
            '   '
            '虽然对你们做的事情残忍了一点，但还是那句话，没人请你们到我们的土地上来，是你们自己愿意来的，既然来了的话，那就别怪我们招待不周了，朋友来了有美酒，你们这种豺狼虎豹的，凑合着吃子弹吧！\n'
            '   '
            '郑主任他们是这个时代的人，他们认为日本人死上两个就不会出来了，殊不知这些日本人也都是有感情的，看到自己的战友在外面受罪，他们又如何能忍得住呢？\n'
            '   每当看到外面的日本人没有声音的时候，刘振华就会指挥咱们这边的狙击手，给他们再重新添上一两处伤势。\n'
            '   这么短的时间内他们不可能死的，最多也就是疼得晕了过去。\n'
            '   '
            '没有它们痛苦的叫声，如何能够把他们的同伴给引出来呢？眼睁睁的看着自己的同伴死亡，对于任何人来说都是一个非常难过的事情，今天刘振华就要考验你们日本人的人性。\n'
            '   “第9个了。”\n'
            '   '
            '高台上有人给刘振华数着，这才过去了10分钟的时间，已经是有9个人从里面出来了，还有的人从里面弄出来了一些铁锅之类的东西，妄想用这样的玩意儿躲过子弹。\n'
            '   如果外面都是普通士兵的话，你们这些东西或许还真能够有用，但咱们都是训练有素的特工，怎么会不知道该如何破解呢？\n'
            '   你的全身上下被铁锅给盖住了，但你的战友有这个可能吗？他们已经受伤了，浑身上下已经被我们打得没有一点力气了，你出来是救人的。\n'
            '   '
            '当你的铁锅扣在他们身上的时候，那你的身体就暴露出来了，只要是有一发子弹打入你身体的任何一个地方，你想要活着回去就没那么容易了。\n'
            '   按说现在已经是深夜了，按照这些高官们的休息时间，他们此刻都应该回去休息了，但现在一个个都争着自己圆滚滚的眼睛。\n'
            '   '
            '今天晚上的一切实在是太神奇了，以前用脑子是不敢想的，就算是长两个脑子，他也绝想不到会出现这样的事情，这刘振华到底是什么样的人？\n'
            '   怎么会有那么多奇思妙想呢？幸好咱们跟他是一个阵营的，如果这小煞星是咱们的敌人的话，那恐怕咱们怎么死的都不知道。\n'
            '   最吃惊的就是杜先生了，这时候杜先生出了一身的汗，不断的用手绢擦眉头上的汗珠，屋子里的人也知道是怎么回事。\n'
            '   杜先生虽然选择跟刘振华站在一块儿了，但他的那位好二哥并不是这样，所以从这里离开之后，杜先生应该知道该怎么做了。\n'
            '   '
            '有些人仅仅是一个人，但给人的压力却是10万大军，刘振华就是一个这样的人，今天晚上的奇思妙想，让所有人都不会轻视刘振华了，包括在南京校长官邸的那一位。\n'
            '   所有人都知道，刘振华之所以搞那么多的事情，就\n'
            '   是想要跟里面的兵力对等，因为咱们处于进攻的一方，如果兵力处于劣势的话，那咱们的伤亡可能会比较大。\n'
            '   这些人全部都是刘振华辛苦训练出来的，打出去的子弹跟他们的身高差不多了，所以每一个人对刘振华来说都非常宝贵。\n'
            '   用这些所谓下三滥的办法消耗日本人，那也是没有办法的事情，你们多死一个人，等会儿我们这边就能少受伤一个。\n'
            '   '
            '至于说所谓的什么人道主义，这年头还没有这个说法，就算是有这个说法的话，刘振华也不会去在乎这个的，我手下士兵的命是命，你们日本人的命咱就不知道了。\n'
            '   '
            '“把大门给我关上，任何人都不得出去，难道你们没有看清楚是怎么回事吗？这些人就是在引诱我们出去，在你们救人的同时给我们增加更多的伤亡，现在已经有15名勇士丢掉了性命，你们想要去步他们的后尘吗？如果我们继续这样做的话，那就代表着我们大日本帝国失败了，那就代表着华夏人胜利了，你们知道这场胜利会给他们带来多大的士气吗？”\n'
            '   坂本一郎打了其中一个人一巴掌，这也是没办法的事情。\n'
            '   尤其是当地的一些巡管人员，他们本来就不归属于本一郎，外面受伤的大多数人也是他们的兄弟，他们也是出去的最为勤快的。\n'
            '   如果要是平时的时候，坂本一郎绝不会在乎这些人的死活，就算你们死上100个人，\n'
            '   在军队当中很快就能够补充过来，日本陆军的代价就是一个士兵9分钱。\n'
            '   '
            '因为他们都是用价值9分钱的明信片征集来的，所以在日本又有这样的一个说法，每名日本陆军士兵的价值就只有9分钱，这样的人坂本一郎又怎么可能在乎呢？\n'
            '   但现在这个情况完全不一样，虽然不用在乎这些人，可是现在他们是自己的好帮手。\n'
            '   '
            '虽然自己带来了80名好手，但如果这些人都死了的话，自己的那些人也无法完全防御野田饭店，这座饭店实在是太大了，各个地方的出入口也太多了，有的能够封死，但有的根本就没有办法去封死。\n'
            '   当初建立这座饭店的时候，只是想着能够为法租界当中的日本人提供一个申冤的地方，也没想着能够在这里展开一场大战。\n'
            '   '
            '就算临时进行了补充，他也不是一个军事堡垒，说它像是一个军事堡垒，和它真正是一个军事堡垒，这中间的差距大了去了，平常的时候或许看不出来，但现在开始了这么激烈的战斗，这座饭店的弊端也就看出来了，对付一般的小毛贼或许够用，但如果是军统特工的话…\n'
            '   '
            '整整15分钟过去了，里面并没有其他的人出来，刘振华就知道自己的这个策略又到点儿了，用了45分钟的时间，干掉了他们17个人，也算是可以了。\n'
            '   “通知后面的人宰杀诱饵。”\n'
            '   刘振华面无表情的说道，后面的几支狙击\n'
            '   枪同时开枪，地面上的诱饵也被干掉了…\n'
            '    \n'
            '\u3000   \n'
            '\n'
            '        (https://www.wmdown.com/novel/WJxbokKAbgw.html)\n'
            '    \n'
            '\n'
            '         \n'
            '\u3000\u3000'
            '请记住本书首发域名：www.wmdown.com。笔趣阁手机版阅读网址：https://m.wmdown.com/    \n',
 'id': 2916,
 'name': 'mgzdyfy',
 'name_txt': './novels/民国之谍影风云',
 'next_page': 'https://www.wmdown.com/novel/WJxbokKAbgw/397.html',
 'preview_page': 'https://www.wmdown.com/novel/WJxbokKAbgw/395.html',
 'url': 'https://www.wmdown.com/novel/WJxbokKAbgw/396.html',
 'url_firstchapter': 'https://www.wmdown.com/novel/WJxbokKAbgw/1.html'}
2022-08-09 19:17:21 [scrapy.core.engine] DEBUG: Crawled (200) <GET https://www.wmdown.com/novel/WJxbokKAbgw/397.html> (referer: https://www.wmdown.com/novel/WJxbokKAbgw/396.html)
2022-08-09 19:17:21 [scrapy.core.scraper] DEBUG: Scraped from <200 https://www.wmdown.com/novel/WJxbokKAbgw/397.html>
{'content': '第397章 土肥原\n'
            '    飞速中文. 中文域名一键直达\n'
            '   '
            '“这个刘振华还是年轻呀，留这这些人不是更好吗？没准再等一会儿里面还会有人出来的，不应该这么快就把他们给杀了呀，或许这些人还有其他的用处呢。”\n'
            '   '
            '在高楼上，很多人看到刘振华下令射杀诱饵，都感觉刘振华做的实在是太快了，咱们今天晚上有的是时间，就算再等15分钟能够干掉一个人，对咱们这边来说也是一个胜利，实在是做的主意太草率了。\n'
            '   '
            '“你们懂个屁，里面是最顶尖的日本特工，他们怎么可能会在同一个地方跌倒两次，闭上自己的嘴巴慢慢的看就是了，你们有资格去评论人家吗？这个时候射杀这些诱饵，其实是对那些人更大的心理打击。”\n'
            '   '
            '郑主任非常气愤的说道，现在已经把刘振华当成自己的人了，这些人反而在这里指责刘振华，就你们那点儿能耐给人家提鞋都不配，还在这里讨论人家的战术，真以为你们这些人身上穿着军装就会打仗吗？\n'
            '   郑主任说前面那些话的时候，还有很多人有些不以为然，认为郑主任实在是太护短了，就知道护着你们复兴社的新人。\n'
            '   '
            '但是当听到后面的话的时候，他们忽然间明白了，里面的人已经煎熬了半晚上了，刚才他们之所以牺牲了十几个人，就是为了挽救外面受伤的兄弟，现在把那些诱饵给射杀了，也就代表着那十几个人白白牺牲了，忙活了半天是一场无用功…\n'
            '   同时也\n'
            '   告诉里面的人，我们就是为了用这些人当诱饵的，现在用完了，也没有什么用处了，就得把他们全部干掉。\n'
            '   这一招可真是毒呀，里面的那些人本来以为自己的牺牲会有点作用的，谁知道到了最后一点作用都没有起到，而且还得让你们这些人看看。\n'
            '   当他们这些人认为刘振华毒的时候，那些日本人恨不得把刘振华给宰了，现在他们一个个的肝胆俱裂。\n'
            '   '
            '外面牺牲了那么多的兄弟，到最后一个人也没有挽救得了，华夏方面到底是谁在指挥呢？以前他们也跟华夏方面交过手，华夏人讲究的不是韬光养晦，不是儒家思想那一套吗？\n'
            '   '
            '怎么会出来一个如此心狠的人呢？做事情不留丝毫的余地，要是让我们知道他的名字，肯定要把他给直接干掉的，不对，是把他全家人都给干掉，为今天牺牲的勇士报仇。\n'
            '   上海特高课大本营。\n'
            '   今天这里所有的特工都站着，只有一个人坐着，这个坐着的人是日本特工界的传奇人物，他就是策划了918事变的土肥原贤二。\n'
            '   '
            '本来他是到这边来视察的，谁知道中间发生了这样的突发事件，他在东北那边有很多的学生，自然知道军统东北分站怎么回事儿，但是现在也没有办法说这个事情了，这边已经动用了那么多的兵力，只能说陈明站长非常重要。\n'
            '   “没有办法派遣援军去了吗？”\n'
            '   已经一个多小时了，这里的人把所有\n'
            '   的消息都传递回来，但是土肥原先生没有说一句话。\n'
            '   '
            '虽然坂本一郎也是他的学生，但这个家伙已经打定主意了，尽量不插手上海的情报事宜，因为它隶属于关东军那边，如果要是随便插手的话，或许某些人会不高兴的。\n'
            '   '
            '“土肥原阁下，我们已经跟租界方面谈过好几次了，但是租界方面这一次措辞强硬，不管是我们还是华夏方面，都没有办法再次派人进去，刚才美国海军陆战队已经出动了，他们在周围的区域进行戒严，如果要是只有原来的几百名华人巡捕的话，自然我们不放在眼里，但美国人那边……”\n'
            '   '
            '这个家伙没有继续说下去，日本虽然一直在宣布他们已经成为了亚洲强国，但他们这些搞情报的人非常清楚，日本的这个亚洲强国只是强在嘴上。\n'
            '   '
            '跟欧美各大列强比起来，咱们还是有很大的差距的，尤其是在资源方面，美国可以说已经是卡在了日本的脖子上，如果美国不出售给日本钢铁和石油的话，现在的日本经济将会立刻停下。\n'
            '   '
            '听到这句话的时候，土肥原皱了皱眉头，对于他们这些日本的实权派来说，最反感的就是听到大日本帝国，现在还害怕某个国家，尤其是美国。\n'
            '   '
            '在这些人的心中，美国一直都是压在他们头上的一座大山，当年日本还是一个封建国家的时候，是美国人的黑水舰队敲开了他们的大门，给他们带来了诸多\n'
            '   的不平等条约。\n'
            '   '
            '虽然这些年已经是把不平等条约给解决了，但总归是历史上的一个污点，所以每当在这种情况下提到美国的时候，他们的心里总归是有些不舒服的。\n'
            '   但是就算你不舒服，那也是一个事实存在，想起这些事情的时候，他们就会更想快速的占领华夏。\n'
            '   '
            '日本人把摆脱这种窘境的所有途径都放在了华夏的身上，他们认为华夏面积广大资源众多，只要是能够占领这块土地，他们就可以跟世界第一强国的美国平起平坐。\n'
            '   '
            '那个时候他们日本有自己的技术，再加上华夏境内的资源，完全可以整合起一个大东亚共荣圈，当然这个计划只有他们自己愿意，亚洲各国是不同意的。\n'
            '   '
            '在土肥原看来，他们就是在帮助亚洲的所有国家，让他们跟自己一样，能够成为这个世界上的人上人，但很可惜的是他们一厢情愿，在华夏就首先遇到了强大的阻力，更何况其他的国家了。\n'
            '   “还没有查到是谁在指挥吗？”\n'
            '   第3波伤亡的消息已经传回来了，土肥原非常清楚那是一支什么样的队伍，把整个上海情报机构的精锐行动队员全部带走了。\n'
            '   现在可倒好，还没有看到对方的真面目，80个精锐已经死伤了39个了，几乎已经达到了一半儿，对方到底是何方神圣？\n'
            '   屋子里陷入了沉静，好几只情报机构的头都在这里，但是谁也不敢回答这个问题，因为这个\n'
            '   问题目前无答案……\n'
            '    \n'
            '\u3000   \n'
            '\n'
            '        (https://www.wmdown.com/novel/WJxbokKAbgw.html)\n'
            '    \n'
            '\n'
            '         \n'
            '\u3000\u3000'
            '请记住本书首发域名：www.wmdown.com。笔趣阁手机版阅读网址：https://m.wmdown.com/    \n',
 'id': 2917,
 'name': 'mgzdyfy',
 'name_txt': './novels/民国之谍影风云',
 'next_page': 'https://www.wmdown.com/novel/WJxbokKAbgw/398.html',
 'preview_page': 'https://www.wmdown.com/novel/WJxbokKAbgw/396.html',
 'url': 'https://www.wmdown.com/novel/WJxbokKAbgw/397.html',
 'url_firstchapter': 'https://www.wmdown.com/novel/WJxbokKAbgw/1.html'}
2022-08-09 19:17:23 [scrapy.core.engine] DEBUG: Crawled (200) <GET https://www.wmdown.com/novel/WJxbokKAbgw/398.html> (referer: https://www.wmdown.com/novel/WJxbokKAbgw/397.html)
2022-08-09 19:17:24 [scrapy.core.scraper] DEBUG: Scraped from <200 https://www.wmdown.com/novel/WJxbokKAbgw/398.html>
{'content': '第398章 高手\n'
            '    飞速中文. 中文域名一键直达\n'
            '   按照土肥原和其他人的估测，不管华夏方面下达了什么样的命令，他们那边都没有办法在情报保密工作上做到完善。\n'
            '   '
            '主要是因为太多的华夏人都愿意背叛他们的主子了，只要是咱们这边能够拿到他们的把柄，完全能够把任何华夏人给策反了，但今天这个情况有些不一样。\n'
            '   因为这件事情是南京总部安排下来的，日本人在上海分部这边还有一定的关系，但是那些人都不清楚上面的状况。\n'
            '   '
            '除了上海站吴站长之外，什么人也不知道刘振华的到来，更何况南京那边知道是刘振华指挥的人也很少，只有上层的一小部分，日本人现在还没有把关系发展到那个层次，如果要是发展到那个层次的话，这场侵华战争也就不用打了，直接开门放他们进来就行。\n'
            '   “无能。”\n'
            '   看到没有一个人回答自己，土肥原更加的愤怒了，上去就是一个巴掌，而且连着打了好几个人。\n'
            '   '
            '要知道这些人平时的时候都是日本各大情报机关的掌门人，但此刻在土肥原的面前，他们都老老实实的低下了自己的头，就因为土肥原是日本情报界的老祖宗。\n'
            '   “藤田，菜菜子，你们两个人去，务必要帮助他们守到明天早上。”\n'
            '   '
            '土肥原原本不打算管这里的事情，但这件事情实在是事关重大，所以他命令自己手下的两个人出手，虽然外面的人不知道这两个日本名字代表着什么，但是这里\n'
            '   的情报组织高层都知道。\n'
            '   '
            '这两人是日本情报组织当中顶尖的人物，尤其是他们的身手，可以说已经达到了出神入化，而且这两人是孪生兄妹，在作战的时候有一点心有灵犀，曾经担任过天皇陛下的保镖。\n'
            '   土肥原觐见天皇陛下的时候，天皇陛下夸奖土肥原的功劳，并且说这家伙在华夏实在是太过于危险，所以才把这两人派到了土肥原的身边。\n'
            '   这些年基本上在这两人的手下还没有解决不了的任何任务，所以当这两人准备出去的时候，这屋子里的高层都松了一口气。\n'
            '   这两人就好像是无敌的存在一样，只要有这两个人出马，就没有华夏任胜利那一说。\n'
            '   '
            '他们甚至已经看到了明天早上的报纸，华夏方面损失惨重，除了这点之外，他们的民心也会被打击的非常惨的，咱们一定会好好的利用这一次胜利。\n'
            '   '
            '“我早就告诉过你们，华夏拥有5000年的历史，在这块土地上，哪怕是一个小小的村庄，很有可能都会卧虎藏龙，你们这些人从来都不听我的提示，认为你们在这块土地上可以耀武扬威，今天这个事情可以狠狠的打你们一巴掌，今天我还可以用巴掌打醒你们，明天要是你们面对这个人的时候，你们真的能够过的去吗？你们会跟坂本那个家伙一样，丢掉面子，丢掉性命，丢掉我大日本帝国的脸面。”\n'
            '   没等着这些人高兴一会儿呢，土肥原\n'
            '   '
            '的下一波动作又来了，站在前面的是6个情报机关的头子，包括海军陆战队的在内，但是土肥原今天真的是气的不轻，所以也就不管他们背后站着的是谁了，上去就是一阵教训。\n'
            '   '
            '这些人的脸上都已经被打红了，土肥原出手的时候就没有任何的顾忌，所以这些家伙脸上都火辣辣的，但今天这个事情他们没有办法辩解，的确是他们这些人做错了。\n'
            '   '
            '他们以为派出了最为精锐的队伍，可谁知道现在连胜利的迹象都没有，如果不是土肥原先生把自己的保镖拿出来的话，恐怕明天早上大日本帝国就会变成一个笑柄。\n'
            '   '
            '藤田和菜菜籽师承日本剑道大师宫本武藏，后来又在北辰一刀流当中历练过，跟九龙会的会长也交过手，他们可以说是日本剑道高手当中的高手。\n'
            '   而且又经过军部的特工训练，所以说这两人的身手在整个世界上也可以排在前列，但是能不能过刘振华那一关，那可就很难说了。\n'
            '   毕竟刘振华重生之后，身体各个细胞就好像是重组了一样，连刘振华自己都说，咱好像是个超人一样。\n'
            '   '
            '第3波打击完成之后，刘振华什么事情也没有做，竟然命令手下1／3的人值班，剩下1／3的人休息10分钟，在这样的时刻还能够发出这样的命令，也就只有刘振华这样的指挥官能够做得出来。\n'
            '   其他的人肯定全部都紧张的要死，别说是这个时候休息\n'
            '   了，就算是让他们稍微大喘一口气儿，他们也会感觉紧张万分的。\n'
            '   刘振华让手下给狙击手们送上去了一点儿水，并且给他们弄上去了一个鸡蛋，以前执行任务的时候，别的军队从来没有这样的待遇。\n'
            '   但是刘振华这边不一样，必须得劳逸结合才行，而且现在已经半夜了，如果要是不吃点东西的话，如何能够保持自己强悍的战斗力呢？\n'
            '   '
            '郑主任他们这些人刚开始的时候说不吃，后来当鸡蛋和小米粥送上来的时候，他们也感觉到非常的不错，没有闻到饭味儿的时候自然是觉不到饿，但是闻到的时候才感觉自己饥肠辘辘的。\n'
            '   '
            '所以这些家伙也就没有办法批评刘振华他们了，况且一个晚上的时间，他们也知道刘振华这个人所做的基本上都是对的，你自己没有任何的成绩，人家已经做出成绩来了，难道一个差生去批评班里的好学生吗？这也太说不过去了吧。\n'
            '   '
            '刘振华这边也是喝了一杯牛奶，吃了个鸡蛋，当刘振华吃完的时候，手下的这些人也早已经吃完了，他们知道老大已经准备好了一份大餐，马上就要给这些日本人了。\n'
            '   只是不知道是哪种方案，反正他们的心里就只有一个念头，那就是好好的跟着刘振华干就是了，刘振华也绝不会让他们吃亏的。\n'
            '   刘振华抬头看了看月亮，给日本人留的休整时间也不少了，咱现在也得开工干活了，你们这些\n'
            '   家伙好好的尝试咱的招吧……\n'
            '    \n'
            '\u3000   \n'
            '\n'
            '        (https://www.wmdown.com/novel/WJxbokKAbgw.html)\n'
            '    \n'
            '\n'
            '         \n'
            '\u3000\u3000'
            '请记住本书首发域名：www.wmdown.com。笔趣阁手机版阅读网址：https://m.wmdown.com/    \n',
 'id': 2918,
 'name': 'mgzdyfy',
 'name_txt': './novels/民国之谍影风云',
 'next_page': 'https://www.wmdown.com/novel/WJxbokKAbgw/399.html',
 'preview_page': 'https://www.wmdown.com/novel/WJxbokKAbgw/397.html',
 'url': 'https://www.wmdown.com/novel/WJxbokKAbgw/398.html',
 'url_firstchapter': 'https://www.wmdown.com/novel/WJxbokKAbgw/1.html'}
2022-08-09 19:17:25 [scrapy.core.engine] DEBUG: Crawled (200) <GET https://www.wmdown.com/novel/WJxbokKAbgw/399.html> (referer: https://www.wmdown.com/novel/WJxbokKAbgw/398.html)
2022-08-09 19:17:26 [scrapy.core.scraper] DEBUG: Scraped from <200 https://www.wmdown.com/novel/WJxbokKAbgw/399.html>
{'content': '第399章 前进\n'
            '    飞速中文. 中文域名一键直达\n'
            '   吨吨吨…\n'
            '   道路上响起了沉重的脚步声，周围的人都不知道该说什么了，刘振华难道准备强攻了吗？\n'
            '   如果要是这样的话，难免大家会有些失望的，刘振华一个晚上都是奇思妙想轮流来，怎么可能会强攻呢？\n'
            '   '
            '因为黑的原因，他们根本看不清楚街道上的情况，但是能够听得出来，刚才那种声音是比较沉重的脚步声，这到底是怎么回事儿呢？其实这是刘振华制作的一批护盾。\n'
            '   就跟现在社会的特警一样，前面的士兵拿着护盾，后面的士兵慢慢的推着他们前进。\n'
            '   如果这是主攻的话，那么大的声音肯定会被敌人发现的，但刘振华这么做到底是为了什么呢？\n'
            '   '
            '不仅仅是郑主任他们一脑门的问号，包括里面的坂本一郎在内，他们也不清楚是怎么回事，他们只知道这个声音慢慢的靠近他们了，刚才从声音上来判断，已经是靠近了足足有100米了。\n'
            '   '
            '原本他们之间的距离就不是很远，如果让这些人继续靠近的话，很快就能够到他们的窗子下面，但是坂本一郎又不敢命令自己手下的人开火，一旦要是开火的话，远处的狙击手不是闹着玩的，他们肯定已经转换了位置，就在那里等着咱呢。\n'
            '   '
            '“坂本先生，刚才他们碰了一下，那是我们外面的钢铁栅栏，如果要是我们还不动手的话，我估计他们已经在我们的窗口下面了，要不要我们拼一次？我们这里还有\n'
            '   十几颗手雷呢，如果要是扔下去的话，能给他们带来不小的伤亡。”\n'
            '   '
            '当地的一个小主管想到了角落的箱子里有手雷，如果要是现在扔下去的话，肯定一扔一个准儿，他对周围的情况非常清楚，刚才他就听到下面的声音了。\n'
            '   '
            '“闭上嘴巴，回到你自己的位置上去，你知道我们今天晚上伤亡了多少人吗？现在已经不足原来的一半了，所以现在老老实实的在这里呆着，等待天亮才是一个最好的主意，如果要是我们主动出击的话，在窗口那里还是会有人死亡的，我们不知道他们外面有多少人，现在我们没有办法跟他们拼消耗。”\n'
            '   '
            '坂本一郎闭着眼睛说道，根本就没有考虑这些人所说的，其实坂本一郎的指挥能力并不是很强，只是他自己的个人作战能力很强，但日本人就是这样的，谁的官职高就听谁的，现在坂本一郎就是这里的最高指挥官，一名当地的队长也只能是点了点头回去了。\n'
            '   “大家小心燃烧弹。”\n'
            '   '
            '就在坂本一郎刚刚闭上眼睛的时候，忽然间旁边的窗户里就扔进来两个燃烧弹，周围其他地方也差不多，只要是有窗户的地方，燃烧弹都被扔了进来。\n'
            '   '
            '这是刘振华的老把戏了，只不过咱是新的玩法就是了，下面这些人都是用厚厚的盾牌挡着，然后靠近了他们扔燃烧弹，如果刚才这些人往外扔手雷的话，或许咱们自己的人就会受伤了，\n'
            '   扔完了燃烧弹之后，这些人马上撤退。\n'
            '   '
            '里面很多人的身上都着火了，而且在窗口那里能够看到影子，只要是有影子的话，咱们这边的狙击手就不会闲着的，而且为了稳定里面的情况，很多特工也朝着他们的伙伴开枪。\n'
            '   这也是没办法的事情，因为那些人的身上着火了，如果他们到处乱跑的话，会让更多的人身上着火。\n'
            '   '
            '刘振华带着自己的人在下面乐呵呵的看着这一幕，包括郑主任那些人在内，都没有想到刘振华这么大的胆子，你现在这样做是万一把陈站长也给点燃了呢，要知道里面还有陈站长这个人质的，如果要是真的死在里面的话，对大家来说都不是什么好事儿。\n'
            '   刘振华为什么敢这样呢？就是因为知道陈站长的重要性，如果陈站长在日本那里不重要的话，怎么可能会从南京运到这里呢？\n'
            '   '
            '而且不惜跟华夏方面挑起一场大战，要知道现在的日本还没有这样的实力，所以在各方面都是暗地里进行的，这一次他们都已经走到前台来了，这就说明他们为了陈站长在所不惜，这样重要的一个人物怎么可能会放在最前面呢？\n'
            '   '
            '这一局自然是刘振华再次获胜了，除了被狙击手干掉了之外，里面还被活活烧死了好几个，火焰可不认识，你是特工精英还是当地人士，反正只要是你的身上沾上了火焰，那恐怕活下去的机会就少多了。\n'
            '   坂本一郎现在\n'
            '   也是顶着一头焦。\n'
            '   '
            '这家伙刚才离得也不远，突然间就把头发给点着了，幸好旁边有水源，所以这个家伙活了下来，但这个家伙的头发已经被烧了一半儿了，而且脑袋上还冒着烟。\n'
            '   '
            '如果要是咱们的人能看见的话，估计此刻已经笑掉大牙了，但里面的日本人可没有这个功夫，他们在拯救自己的兄弟，很多人烧伤严重，屋子里都有一股被烧糊了的味道。\n'
            '   当地的很多巡逻人员心里都不满意，如果刚才我们扔手雷的话，肯定能够给华夏人带来一定的伤亡。\n'
            '   现在可倒好了，都是因为坂本一郎的原因，咱们非但没有给华夏人带来伤亡，反而是咱们这边受伤严重，这到底是怎么指挥的？\n'
            '   '
            '一开始的时候感觉你是特工的高层，所以以为你手里有两把刷子，咱们这边就放弃了指挥权，而且依照规矩也是应该你来指挥，但你看看你指挥的这是个屁呀！\n'
            '   几百人虽然不能算是精锐，但至少也是经过军事训练的，现在70％的人都丧失了战斗力，这就是你指挥的结果吗？\n'
            '   “看什么？你们这群蠢货，还不赶快把这些人都给我抬走。”\n'
            '   '
            '可能是感觉到手下这些人不满意了，坂本一郎还不知道去安抚他们，竟然是大声的吼叫他们，这些人心里的不满意更多了，有几个人突然间就站起来了，两只手攥紧了拳头，看来是想要跟这个坂本一郎好好的理论一下了，就算\n'
            '   你的官职高，现在也该承认错误了……\n'
            '    \n'
            '\u3000   \n'
            '\n'
            '        (https://www.wmdown.com/novel/WJxbokKAbgw.html)\n'
            '    \n'
            '\n'
            '         \n'
            '\u3000\u3000'
            '请记住本书首发域名：www.wmdown.com。笔趣阁手机版阅读网址：https://m.wmdown.com/    \n',
 'id': 2919,
 'name': 'mgzdyfy',
 'name_txt': './novels/民国之谍影风云',
 'next_page': 'https://www.wmdown.com/novel/WJxbokKAbgw/400.html',
 'preview_page': 'https://www.wmdown.com/novel/WJxbokKAbgw/398.html',
 'url': 'https://www.wmdown.com/novel/WJxbokKAbgw/399.html',
 'url_firstchapter': 'https://www.wmdown.com/novel/WJxbokKAbgw/1.html'}
2022-08-09 19:17:26 [scrapy.core.engine] INFO: Closing spider (finished)
2022-08-09 19:17:32 [scrapy.statscollectors] INFO: Dumping Scrapy stats:
{'Total_time': '共耗时===>0时:00分:27秒',
 'downloader/request_bytes': 2700,
 'downloader/request_count': 7,
 'downloader/request_method_count/GET': 7,
 'downloader/response_bytes': 73702,
 'downloader/response_count': 7,
 'downloader/response_status_count/200': 7,
 'dupefilter/filtered': 1,
 'elapsed_time_seconds': 27.01222,
 'finish_reason': 'finished',
 'finish_time': '2022-08-09         11:17:32',
 'log_count/DEBUG': 14,
 'log_count/INFO': 11,
 'memusage/max': 61902848,
 'memusage/startup': 61902848,
 'request_depth_max': 5,
 'response_received_count': 7,
 'scheduler/dequeued': 7,
 'scheduler/dequeued/memory': 7,
 'scheduler/enqueued': 7,
 'scheduler/enqueued/memory': 7,
 'start_time': '2022-08-09 11:17:05',
 '共获得item_scraped_count': 6}
2022-08-09 19:17:32 [scrapy.core.engine] INFO: Spider closed (finished)
2022-08-09 19:57:46 [scrapy.utils.log] INFO: Scrapy 2.4.1 started (bot: xbiquge)
2022-08-09 19:57:46 [scrapy.utils.log] INFO: Versions: lxml 4.6.3.0, libxml2 2.9.12, cssselect 1.1.0, parsel 1.5.2, w3lib 1.21.0, Twisted 21.7.0, Python 3.9.7 (default, Sep 16 2021, 13:09:58) - [GCC 7.5.0], pyOpenSSL 21.0.0 (OpenSSL 1.1.1o  3 May 2022), cryptography 35.0.0, Platform Linux-5.10.0-5.10.0.24.oe1.x86_64-x86_64-with-glibc2.34
2022-08-09 19:57:46 [scrapy.utils.log] DEBUG: Using reactor: twisted.internet.epollreactor.EPollReactor
2022-08-09 19:57:46 [scrapy.crawler] INFO: Overridden settings:
{'BOT_NAME': 'xbiquge',
 'DOWNLOAD_DELAY': 2,
 'FEED_EXPORT_ENCODING': 'utf-8',
 'LOG_FILE': './myspiders.log',
 'NEWSPIDER_MODULE': 'xbiquge.spiders',
 'SPIDER_MODULES': ['xbiquge.spiders']}
2022-08-09 19:57:46 [scrapy.extensions.telnet] INFO: Telnet Password: d419d36a8de37c9d
2022-08-09 19:57:46 [scrapy.middleware] INFO: Enabled extensions:
['scrapy.extensions.corestats.CoreStats',
 'scrapy.extensions.telnet.TelnetConsole',
 'scrapy.extensions.memusage.MemoryUsage',
 'scrapy.extensions.logstats.LogStats']
2022-08-09 19:57:46 [scrapy.middleware] INFO: Enabled downloader middlewares:
['xbiquge.middlewares.RandomUserAgentMiddleware',
 'scrapy.downloadermiddlewares.httpauth.HttpAuthMiddleware',
 'scrapy.downloadermiddlewares.downloadtimeout.DownloadTimeoutMiddleware',
 'scrapy.downloadermiddlewares.defaultheaders.DefaultHeadersMiddleware',
 'scrapy.downloadermiddlewares.useragent.UserAgentMiddleware',
 'xbiquge.middlewares.XbiqugeDownloaderMiddleware',
 'scrapy.downloadermiddlewares.retry.RetryMiddleware',
 'scrapy.downloadermiddlewares.redirect.MetaRefreshMiddleware',
 'scrapy.downloadermiddlewares.httpcompression.HttpCompressionMiddleware',
 'scrapy.downloadermiddlewares.redirect.RedirectMiddleware',
 'scrapy.downloadermiddlewares.cookies.CookiesMiddleware',
 'scrapy.downloadermiddlewares.httpproxy.HttpProxyMiddleware',
 'scrapy.downloadermiddlewares.stats.DownloaderStats']
2022-08-09 19:57:46 [scrapy.middleware] INFO: Enabled spider middlewares:
['scrapy.spidermiddlewares.httperror.HttpErrorMiddleware',
 'scrapy.spidermiddlewares.offsite.OffsiteMiddleware',
 'scrapy.spidermiddlewares.referer.RefererMiddleware',
 'scrapy.spidermiddlewares.urllength.UrlLengthMiddleware',
 'scrapy.spidermiddlewares.depth.DepthMiddleware']
2022-08-09 19:57:46 [scrapy.middleware] INFO: Enabled item pipelines:
['xbiquge.pipelines.XbiqugePipeline']
2022-08-09 19:57:46 [scrapy.core.engine] INFO: Spider opened
2022-08-09 19:57:46 [scrapy.extensions.logstats] INFO: Crawled 0 pages (at 0 pages/min), scraped 0 items (at 0 items/min)
2022-08-09 19:57:46 [mgzdyfy] INFO: Spider opened: mgzdyfy
2022-08-09 19:57:46 [scrapy.extensions.telnet] INFO: Telnet console listening on 127.0.0.1:6023
2022-08-09 19:57:46 [scrapy.core.engine] DEBUG: Crawled (200) <GET https://www.wmdown.com/novel/WJxbokKAbgw.html> (referer: None)
2022-08-09 19:57:55 [scrapy.dupefilters] DEBUG: Filtered duplicate request: <GET https://www.wmdown.com/novel/WJxbokKAbgw/2032.html> - no more duplicates will be shown (see DUPEFILTER_DEBUG to show all duplicates)
2022-08-09 19:57:55 [scrapy.core.engine] DEBUG: Crawled (200) <GET https://www.wmdown.com/novel/WJxbokKAbgw/2032.html> (referer: https://www.wmdown.com/novel/WJxbokKAbgw.html)
2022-08-09 19:57:56 [scrapy.core.scraper] DEBUG: Scraped from <200 https://www.wmdown.com/novel/WJxbokKAbgw/2032.html>
{'content': '第2043章 刘梅的担心\n'
            '    '
            '“这两天的情况可是真的不怎么样，据我所知在场的这些人都已经是紧张起来了，如果要是你继续采取所谓的行动的话，咱们这边也很有可能会支撑不住的，当然如果要是你自己去的话，那么有些情况就可以了，所以在这样的情况下，有些事情咱们应该要好好的合作，不能够由着自己的性子来，我自己十分不赞成你自己去做这些事情，如果要是继续这么做的话，或许下面的兄弟们也不会愿意的，希望你能够明白，咱们没有必要搞成现如今这个样子，要不然的话下面的人会造反了。”\n'
            '   '
            '军统的秘密联络处，刘振华和刘梅两个人正在吃晚饭，两个人就好像是正在过日子的人一样，丝毫看不出是军统的负责人，主要也是因为两个人都非常的镇定，再加上这一段时间也没有什么好说的，他们所做的事情都是非常的好的，更何况现在上海的日本人已经开始焦急起来了，即便他们有些事情看不明白，那也和我们这些人没什么关系，如果要是有人来找事儿的话，下面的人可以很完好的解决这件事情，两人的心情也比较轻松，当然最主要的是刘振华的身手比较好，如果要是没有一个好身手的话，这时候恐怕就不知道是怎么回事儿了，所以在这样的情况下，刘振华要做的事情还是非常的不错的，至于最后会变成什么样子，那恐怕就是刘振华自己的事儿了，和别人那里也没多大的关系。\n'
            '   '
            '“我知道你是为我好，但是我们特别需要一场胜利，现在各处都是非常困难的，偏偏我自己的能耐还是可以的，如果要是我也去当缩头乌龟的话，那恐怕我们的人就没有什么好说的了，所以在这样的情况下，我希望你能够明白我想的是什么，而不是在这里指责我，如果要是连你都指责我的话，那恐怕有些事儿咱们就没有办法继续的弄下去了，这对咱们来说也未必也是一个好事儿，更何况现在这个情况也是形势喜人，如果要是我们就此放弃的话，恐怕以后都会吃亏的，我们现在已经做到了98还差两分就能给我拿到满分，所以我必须得拿到满分才行，只要是你不说出去，下面的人就没有人知道我在做这件事情。”\n'
            '   '
            '猫猫举起了自己杯里的酒，就好像两个人正在举行一场宴会一样，对于刘振华这样的态度，刘梅实在是不知道该说什么，反正现在的刘振华让大家感觉到有些吃惊，刘振华在做事情的时候往往都是天马行空的，根本就没有想过这件事情该怎么做，即便是想过的话，那也绝不会那么简单，所以在这样的情况下，刘梅也只能是无奈的举起了自己的酒杯和刘振华，合作的时间也不短了，如果要妄想着自己能够解决这件事情恐怕是不太可能的，因为刘振华这个人骨子里就带着一种疯狂，只要是他想解决这件事情，那么任何人都有可能拦不住他，这也是一个非常正常的事，如果要是早早的能解决的话，或许有些事儿也就不会是这个样子了。\n'
            '   '
            '“其实我就不该劝你，我也应该知道你的心里是怎么想的，但是你也应该明白我们现在的一些具体情况，如果要是你一直这么下去的话，那么我们也会非常担心的，你也知道现在的具体情况，如果要是你真的出了什么事儿，那么对前线的打击就会更大，在场的很多人都不知道该说什么，所以我希望你能够以大局为重，即便是有些事情还没有搞好，也不能够继续这么冒险了，以后的计划你可以参加，但是在执行任务之前你必须得告诉我一声，有很多人你不相信他们难道现在连我也不相信了吗？我必须得把所有的计划审核一遍，这样才能够继续往下做，要不然的话以后干脆就不要做这个计划。”\n'
            '   '
            '没放下酒杯之后也马上放出了狠话，说句实在话，以前的时候刘梅不会管这些事儿，因为刘振华自己是非常的有分寸的，即便是你管的太多的话，也不可能让刘振华改变想法的，所以在这件事情上，刘振华一直都是我行我素的，按照自己的想法去做事，刘梅这边也不会管那么多，毕竟刘振华的成功率比较高，但现在这个情况不一样，如果要是还由着自己的性子来的话，很有可能会落入日本人的圈套，现在日本人做这些事情做的还少吗？他们可是什么事情都能够干得出来的。\n'
            '   '
            '“我还能信不过你吗？即便是有信不过的人，那也肯定不是你，自从这一次日本人改变了之后，我发现有很多事情和以前的时候不一样，所以我的心里才有这些想法，你也知道咱们的内部也首次出现了叛徒，这在以前的时候根本就不敢想象，我也不知道这些人都是从什么地方冒出来的，但是我有一种感觉，咱们的内部不可能就只有这几个叛徒，原来的时候我比较自负，从来不相信我的手下会有叛徒，但是从现在这一刻开始，我认为以前的时候是我错了，日本人可以说是无孔不入，只要是他们想做这个事情，基本上都能够做得成，所以在接下来的一些日子里，你得帮我把这件事情给做了。”\n'
            '   '
            '说起这件事情的时候，刘振华的内心当中就犹如刀割，所有的兄弟都是从北平那个年代过来的，大家和日本人的仇恨也是不共戴天，毕竟平时和我们喝酒吃肉的兄弟死在了日本人的手里，这本身就不是一个小事儿了，如果我们不找日本人报仇的话，那即便有一天我们去见了列祖列宗，可能我们也没有办法坚持下去，现在内部竟然出现了叛徒，这就说明那些人已经是不要脸了，如果你想要知道这些事情的话，那也的确是让人感觉到有些吃惊，反正这些家伙都不是什么好人，所以在这样的情况下，咱们得想办法把他们都给挖出来才行，如果要是不把他们给挖出来的话，那的确是有些对不住他们了。\n'
            '   '
            '听完了刘振华的话之后，刘梅也是感觉到有些不太好说，就目前这个情况来说，内部到底是个什么情况，咱们还真是不敢下定论，如果要是现在就下定论的话，有些事情可能会冤枉人，和那些老人比起来，刘梅应该算是一个新人，而且刘梅原来是郑主任那边的人，如果要是让他来抓叛徒的话，或许内部会有很多人感觉到不怎么舒服的，所以在这一点上有其他的人就应该有这个想法，如果要是他们都承认的话，那么有些事情是可以的，但如果要是不这个样子的话，有些情况就是另外一回事儿了，这也是目前最为主要的，如果要是都能够改了的话，当然是非常好的，可这件事情谈何容易。\n'
            '   '
            '“并不是我不愿意帮你，你应该仔细的考虑一下，我可能不适合做这个任务，你也知道现在的具体情况，如果要是让我来做这个任务的话，恐怕你会失望的，咱们内部有很多人，根本就没有把我放在眼里，你也知道他们的心里想的是什么，如果要是真的让我来做的话，或许会引起内部的分裂，本身现在大家就人心惶惶的，所以我认为你应该找其他的人来做这件事情才行，如果要是我来做的话，或许内部很多人会不满意，这对我们大家来说都不是好事，我并不是说我自己做的这个事情怎么样，而是我觉得这件事情不应该由我来做，你应该明白我话里的意思，如果要是真的不明白的话，那恐怕我也没有什么好说的，我会全力以赴的。没有。”\n'
            '   '
            '欧美的思考也不是不无道理的，尤其是在目前这个情况下，如果要是真的变成了这样的话，对于刘梅来说也应该要好好的和他们谈一下，如果要是能够谈得清楚的话，那么这个事儿还算是能过得过去，如果要是谈不清楚的话，恐怕有些事儿就不好说了，尤其是在目前这个情况下，咱们都必须得尊重人家才行，如果要是不尊重人家的话，或许很多人就开始闹事儿了，所以在这样的情况下，有些人也是非常明白的，他们如果要是能够把这件事情做好了，那么将来的情况是完全可以的，如果要是做不好的话，恐怕有些事情就到头了。\n'
            '   '
            '刘振华让刘梅来做这件事情自然是有自己的考虑的，刘振华的手下也有很多人能够做这件事情，可问题是那些人都有各种各样的顾虑，如果真的让他们来做这个事儿的话，或许没有办法做到大公无私，刘梅是一个半路出家的人，所以也不需要担心这个一旦要是刘梅做了这件事情，他可能会想得很好的，而且还能够给大家带来一些不一样的感觉，主要的就是考虑问题方面，他绝对不会偏袒任何人，这也是刘振华让他做的一个重要原因。\n'
            '    \n'
            '\u3000   \n'
            '\n'
            '        (https://www.wmdown.com/novel/WJxbokKAbgw.html)\n'
            '    \n'
            '\n'
            '         \n'
            '\u3000\u3000'
            '请记住本书首发域名：www.wmdown.com。笔趣阁手机版阅读网址：https://m.wmdown.com/    \n',
 'id': 2919,
 'name': 'mgzdyfy',
 'name_txt': './novels/民国之谍影风云',
 'next_page': 'https://www.wmdown.com/novel/WJxbokKAbgw.html',
 'preview_page': 'https://www.wmdown.com/novel/WJxbokKAbgw/2031.html',
 'url': 'https://www.wmdown.com/novel/WJxbokKAbgw/2032.html',
 'url_firstchapter': 'https://www.wmdown.com/novel/WJxbokKAbgw/1.html'}
2022-08-09 19:57:56 [scrapy.core.engine] INFO: Closing spider (finished)
2022-08-09 19:58:02 [scrapy.statscollectors] INFO: Dumping Scrapy stats:
{'Total_time': '共耗时===>0时:00分:15秒',
 'downloader/request_bytes': 646,
 'downloader/request_count': 2,
 'downloader/request_method_count/GET': 2,
 'downloader/response_bytes': 46108,
 'downloader/response_count': 2,
 'downloader/response_status_count/200': 2,
 'dupefilter/filtered': 1,
 'elapsed_time_seconds': 15.793175,
 'finish_reason': 'finished',
 'finish_time': '2022-08-09         11:58:02',
 'log_count/DEBUG': 4,
 'log_count/INFO': 11,
 'memusage/max': 64024576,
 'memusage/startup': 64024576,
 'request_depth_max': 1,
 'response_received_count': 2,
 'scheduler/dequeued': 2,
 'scheduler/dequeued/memory': 2,
 'scheduler/enqueued': 2,
 'scheduler/enqueued/memory': 2,
 'start_time': '2022-08-09 11:57:46',
 '共获得item_scraped_count': 1}
2022-08-09 19:58:02 [scrapy.core.engine] INFO: Spider closed (finished)
